0
adóhivatal: Marquetta Klahn,|Marsha Brunton,Arletta Mcalexander,Jeane Swiderski,Tiffanie Roberson,Caridad Wamsley,Hilton Broussard,Dalia Rosales,
bank: Marianna Pannell,|Sparkle Beachum,Hubert Leday,Erlinda Vasser,Vernita Arab,Judie Wojtczak,
biztosító: Janeth Kuta,|Damion Dedmon,Myron Beckman,
közigazgatás: Joline Tiggs,|Cindy Shine,Irish Wierenga,Tameika Goodman,Karlene Mckeehan,Kittie Classen,Patrick Melvin,
turisztika: Adriana Orton,|Pamala Felice,Ellis Inglis,Audra Neaves,Jutta Putz,
ügyvéd: Breanne Tisher,|Ronald Carew,Alvaro Dart,Love Ivey,Donita Darwin,Waneta Hebert,Anisha Levenson,Nicholle Stokley,
a folyoson 12ember van.
-----------------------------------------
1
adóhivatal: Marquetta Klahn,|Marsha Brunton,Arletta Mcalexander,Jeane Swiderski,Tiffanie Roberson,Caridad Wamsley,Hilton Broussard,Dalia Rosales,
bank: Marianna Pannell,|Sparkle Beachum,Hubert Leday,Erlinda Vasser,Vernita Arab,
biztosító: Janeth Kuta,|Damion Dedmon,Myron Beckman,Maryetta Mager,
közigazgatás: Joline Tiggs,|Cindy Shine,Irish Wierenga,Tameika Goodman,Karlene Mckeehan,Kittie Classen,Patrick Melvin,Ricky Ferry,Yesenia Janousek,
turisztika: Adriana Orton,|Pamala Felice,Ellis Inglis,Audra Neaves,
ügyvéd: Breanne Tisher,|Ronald Carew,Alvaro Dart,Love Ivey,Donita Darwin,Waneta Hebert,Anisha Levenson,Nicholle Stokley,
a folyoson 11ember van.
-----------------------------------------
2
adóhivatal: Marquetta Klahn,|Marsha Brunton,Arletta Mcalexander,Jeane Swiderski,Tiffanie Roberson,Caridad Wamsley,Hilton Broussard,Dalia Rosales,Brenton Russel,Francis Hentz,Jacquelyne Hennemann,
bank: Marianna Pannell,|Sparkle Beachum,Hubert Leday,Erlinda Vasser,Vernita Arab,Georgie Rost,
biztosító: Janeth Kuta,|Damion Dedmon,Myron Beckman,Maryetta Mager,
közigazgatás: Joline Tiggs,|Cindy Shine,Irish Wierenga,Tameika Goodman,Karlene Mckeehan,Kittie Classen,Patrick Melvin,Ricky Ferry,Yesenia Janousek,Michelle Dauber,
turisztika: Pamala Felice,|Ellis Inglis,Audra Neaves,
ügyvéd: Ronald Carew,|Alvaro Dart,Love Ivey,Donita Darwin,Waneta Hebert,Anisha Levenson,Nicholle Stokley,
a folyoson 8ember van.
-----------------------------------------
3
adóhivatal: Marquetta Klahn,|Marsha Brunton,Arletta Mcalexander,Jeane Swiderski,Tiffanie Roberson,Caridad Wamsley,Hilton Broussard,Dalia Rosales,Brenton Russel,Francis Hentz,Jacquelyne Hennemann,Jutta Putz,
bank: Sparkle Beachum,|Hubert Leday,Erlinda Vasser,Vernita Arab,Georgie Rost,
biztosító: Janeth Kuta,|Damion Dedmon,Myron Beckman,Maryetta Mager,
közigazgatás: Joline Tiggs,|Cindy Shine,Irish Wierenga,Tameika Goodman,Karlene Mckeehan,Kittie Classen,Patrick Melvin,Ricky Ferry,Yesenia Janousek,Michelle Dauber,
turisztika: Pamala Felice,|Ellis Inglis,Audra Neaves,Stanford Kouba,
ügyvéd: Ronald Carew,|Alvaro Dart,Love Ivey,Donita Darwin,Waneta Hebert,Anisha Levenson,Nicholle Stokley,Adriana Orton,Judie Wojtczak,
a folyoson 4ember van.
-----------------------------------------
4
adóhivatal: Marsha Brunton,|Arletta Mcalexander,Jeane Swiderski,Tiffanie Roberson,Caridad Wamsley,Hilton Broussard,Dalia Rosales,Brenton Russel,Francis Hentz,Jacquelyne Hennemann,Jutta Putz,
bank: Sparkle Beachum,|Hubert Leday,Erlinda Vasser,Vernita Arab,Georgie Rost,
biztosító: Damion Dedmon,|Myron Beckman,Maryetta Mager,
közigazgatás: Joline Tiggs,|Cindy Shine,Irish Wierenga,Tameika Goodman,Karlene Mckeehan,Kittie Classen,Patrick Melvin,Ricky Ferry,Yesenia Janousek,Michelle Dauber,Guillermo Hubert,
turisztika: Ellis Inglis,|Audra Neaves,Stanford Kouba,Vilma Tolman,
ügyvéd: Alvaro Dart,|Love Ivey,Donita Darwin,Waneta Hebert,Anisha Levenson,Nicholle Stokley,Adriana Orton,Judie Wojtczak,
a folyoson 6ember van.
-----------------------------------------
5
adóhivatal: Marsha Brunton,|Arletta Mcalexander,Jeane Swiderski,Tiffanie Roberson,Caridad Wamsley,Hilton Broussard,Dalia Rosales,Brenton Russel,Francis Hentz,Jacquelyne Hennemann,Jutta Putz,
bank: Sparkle Beachum,|Hubert Leday,Erlinda Vasser,Vernita Arab,Georgie Rost,
biztosító: Damion Dedmon,|Myron Beckman,Maryetta Mager,
közigazgatás: Cindy Shine,|Irish Wierenga,Tameika Goodman,Karlene Mckeehan,Kittie Classen,Patrick Melvin,Ricky Ferry,Yesenia Janousek,Michelle Dauber,Guillermo Hubert,Ronald Carew,Pamala Felice,Nicolette Groves,
turisztika: Ellis Inglis,|Audra Neaves,Stanford Kouba,Vilma Tolman,
ügyvéd: Alvaro Dart,|Love Ivey,Donita Darwin,Waneta Hebert,Anisha Levenson,Nicholle Stokley,Adriana Orton,Judie Wojtczak,
a folyoson 4ember van.
-----------------------------------------
6
adóhivatal: Marsha Brunton,|Arletta Mcalexander,Jeane Swiderski,Tiffanie Roberson,Caridad Wamsley,Hilton Broussard,Dalia Rosales,Brenton Russel,Francis Hentz,Jacquelyne Hennemann,Jutta Putz,
bank: Hubert Leday,|Erlinda Vasser,Vernita Arab,Georgie Rost,
biztosító: Damion Dedmon,|Myron Beckman,Maryetta Mager,
közigazgatás: Cindy Shine,|Irish Wierenga,Tameika Goodman,Karlene Mckeehan,Kittie Classen,Patrick Melvin,Ricky Ferry,Yesenia Janousek,Michelle Dauber,Guillermo Hubert,Ronald Carew,Pamala Felice,Nicolette Groves,
turisztika: Audra Neaves,|Stanford Kouba,Vilma Tolman,
ügyvéd: Love Ivey,|Donita Darwin,Waneta Hebert,Anisha Levenson,Nicholle Stokley,Adriana Orton,Judie Wojtczak,
a folyoson 7ember van.
-----------------------------------------
7
adóhivatal: Marsha Brunton,|Arletta Mcalexander,Jeane Swiderski,Tiffanie Roberson,Caridad Wamsley,Hilton Broussard,Dalia Rosales,Brenton Russel,Francis Hentz,Jacquelyne Hennemann,Jutta Putz,Alvaro Dart,
bank: Hubert Leday,|Erlinda Vasser,Vernita Arab,Georgie Rost,Joline Tiggs,
biztosító: Damion Dedmon,|Myron Beckman,Maryetta Mager,
közigazgatás: Cindy Shine,|Irish Wierenga,Tameika Goodman,Karlene Mckeehan,Kittie Classen,Patrick Melvin,Ricky Ferry,Yesenia Janousek,Michelle Dauber,Guillermo Hubert,Ronald Carew,Pamala Felice,Nicolette Groves,Marianna Pannell,Marquetta Klahn,
turisztika: Audra Neaves,|Stanford Kouba,Vilma Tolman,
ügyvéd: Love Ivey,|Donita Darwin,Waneta Hebert,Anisha Levenson,Nicholle Stokley,Adriana Orton,Judie Wojtczak,
a folyoson 2ember van.
-----------------------------------------
8
adóhivatal: Arletta Mcalexander,|Jeane Swiderski,Tiffanie Roberson,Caridad Wamsley,Hilton Broussard,Dalia Rosales,Brenton Russel,Francis Hentz,Jacquelyne Hennemann,Jutta Putz,Alvaro Dart,
bank: Hubert Leday,|Erlinda Vasser,Vernita Arab,Georgie Rost,Joline Tiggs,
biztosító: Myron Beckman,|Maryetta Mager,
közigazgatás: Cindy Shine,|Irish Wierenga,Tameika Goodman,Karlene Mckeehan,Kittie Classen,Patrick Melvin,Ricky Ferry,Yesenia Janousek,Michelle Dauber,Guillermo Hubert,Ronald Carew,Pamala Felice,Nicolette Groves,Marianna Pannell,Marquetta Klahn,
turisztika: Stanford Kouba,|Vilma Tolman,
ügyvéd: Donita Darwin,|Waneta Hebert,Anisha Levenson,Nicholle Stokley,Adriana Orton,Judie Wojtczak,Janeth Kuta,
a folyoson 5ember van.
-----------------------------------------
9
adóhivatal: Arletta Mcalexander,|Jeane Swiderski,Tiffanie Roberson,Caridad Wamsley,Hilton Broussard,Dalia Rosales,Brenton Russel,Francis Hentz,Jacquelyne Hennemann,Jutta Putz,Alvaro Dart,
bank: Erlinda Vasser,|Vernita Arab,Georgie Rost,Joline Tiggs,
biztosító: Myron Beckman,|Maryetta Mager,
közigazgatás: Cindy Shine,|Irish Wierenga,Tameika Goodman,Karlene Mckeehan,Kittie Classen,Patrick Melvin,Ricky Ferry,Yesenia Janousek,Michelle Dauber,Guillermo Hubert,Ronald Carew,Pamala Felice,Nicolette Groves,Marianna Pannell,Marquetta Klahn,
turisztika: Stanford Kouba,|Vilma Tolman,
ügyvéd: Donita Darwin,|Waneta Hebert,Anisha Levenson,Nicholle Stokley,Adriana Orton,Judie Wojtczak,Janeth Kuta,Audra Neaves,
a folyoson 5ember van.
-----------------------------------------
10
adóhivatal: Arletta Mcalexander,|Jeane Swiderski,Tiffanie Roberson,Caridad Wamsley,Hilton Broussard,Dalia Rosales,Brenton Russel,Francis Hentz,Jacquelyne Hennemann,Jutta Putz,Alvaro Dart,
bank: Erlinda Vasser,|Vernita Arab,Georgie Rost,Joline Tiggs,
biztosító: Myron Beckman,|Maryetta Mager,
közigazgatás: Irish Wierenga,|Tameika Goodman,Karlene Mckeehan,Kittie Classen,Patrick Melvin,Ricky Ferry,Yesenia Janousek,Michelle Dauber,Guillermo Hubert,Ronald Carew,Pamala Felice,Nicolette Groves,Marianna Pannell,Marquetta Klahn,
turisztika: Vilma Tolman,|Damion Dedmon,
ügyvéd: Waneta Hebert,|Anisha Levenson,Nicholle Stokley,Adriana Orton,Judie Wojtczak,Janeth Kuta,Audra Neaves,
a folyoson 6ember van.
-----------------------------------------
11
adóhivatal: Arletta Mcalexander,|Jeane Swiderski,Tiffanie Roberson,Caridad Wamsley,Hilton Broussard,Dalia Rosales,Brenton Russel,Francis Hentz,Jacquelyne Hennemann,Jutta Putz,Alvaro Dart,
bank: Erlinda Vasser,|Vernita Arab,Georgie Rost,Joline Tiggs,
biztosító: Myron Beckman,|Maryetta Mager,
közigazgatás: Irish Wierenga,|Tameika Goodman,Karlene Mckeehan,Kittie Classen,Patrick Melvin,Ricky Ferry,Yesenia Janousek,Michelle Dauber,Guillermo Hubert,Ronald Carew,Pamala Felice,Nicolette Groves,Marianna Pannell,Marquetta Klahn,
turisztika: Vilma Tolman,|Damion Dedmon,Marsha Brunton,Sparkle Beachum,
ügyvéd: Waneta Hebert,|Anisha Levenson,Nicholle Stokley,Adriana Orton,Judie Wojtczak,Janeth Kuta,Audra Neaves,
a folyoson 3ember van.
-----------------------------------------
12
adóhivatal: Jeane Swiderski,|Tiffanie Roberson,Caridad Wamsley,Hilton Broussard,Dalia Rosales,Brenton Russel,Francis Hentz,Jacquelyne Hennemann,Jutta Putz,Alvaro Dart,Donita Darwin,Love Ivey,
bank: Vernita Arab,|Georgie Rost,Joline Tiggs,
biztosító: Maryetta Mager,|
közigazgatás: Irish Wierenga,|Tameika Goodman,Karlene Mckeehan,Kittie Classen,Patrick Melvin,Ricky Ferry,Yesenia Janousek,Michelle Dauber,Guillermo Hubert,Ronald Carew,Pamala Felice,Nicolette Groves,Marianna Pannell,Marquetta Klahn,
turisztika: Damion Dedmon,|Marsha Brunton,Sparkle Beachum,
ügyvéd: Anisha Levenson,|Nicholle Stokley,Adriana Orton,Judie Wojtczak,Janeth Kuta,Audra Neaves,
a folyoson 6ember van.
-----------------------------------------
13
adóhivatal: Jeane Swiderski,|Tiffanie Roberson,Caridad Wamsley,Hilton Broussard,Dalia Rosales,Brenton Russel,Francis Hentz,Jacquelyne Hennemann,Jutta Putz,Alvaro Dart,Donita Darwin,Love Ivey,
bank: Vernita Arab,|Georgie Rost,Joline Tiggs,
biztosító: Maryetta Mager,|Erlinda Vasser,
közigazgatás: Irish Wierenga,|Tameika Goodman,Karlene Mckeehan,Kittie Classen,Patrick Melvin,Ricky Ferry,Yesenia Janousek,Michelle Dauber,Guillermo Hubert,Ronald Carew,Pamala Felice,Nicolette Groves,Marianna Pannell,Marquetta Klahn,Myron Beckman,
turisztika: Damion Dedmon,|Marsha Brunton,Sparkle Beachum,
ügyvéd: Anisha Levenson,|Nicholle Stokley,Adriana Orton,Judie Wojtczak,Janeth Kuta,Audra Neaves,Arletta Mcalexander,
a folyoson 1ember van.
-----------------------------------------
14
adóhivatal: Jeane Swiderski,|Tiffanie Roberson,Caridad Wamsley,Hilton Broussard,Dalia Rosales,Brenton Russel,Francis Hentz,Jacquelyne Hennemann,Jutta Putz,Alvaro Dart,Donita Darwin,Love Ivey,
bank: Vernita Arab,|Georgie Rost,Joline Tiggs,
biztosító: Maryetta Mager,|Erlinda Vasser,
közigazgatás: Irish Wierenga,|Tameika Goodman,Karlene Mckeehan,Kittie Classen,Patrick Melvin,Ricky Ferry,Yesenia Janousek,Michelle Dauber,Guillermo Hubert,Ronald Carew,Pamala Felice,Nicolette Groves,Marianna Pannell,Marquetta Klahn,Myron Beckman,
turisztika: Marsha Brunton,|Sparkle Beachum,
ügyvéd: Nicholle Stokley,|Adriana Orton,Judie Wojtczak,Janeth Kuta,Audra Neaves,Arletta Mcalexander,
a folyoson 3ember van.
-----------------------------------------
15
adóhivatal: Jeane Swiderski,|Tiffanie Roberson,Caridad Wamsley,Hilton Broussard,Dalia Rosales,Brenton Russel,Francis Hentz,Jacquelyne Hennemann,Jutta Putz,Alvaro Dart,Donita Darwin,Love Ivey,
bank: Georgie Rost,|Joline Tiggs,
biztosító: Maryetta Mager,|Erlinda Vasser,Cindy Shine,
közigazgatás: Tameika Goodman,|Karlene Mckeehan,Kittie Classen,Patrick Melvin,Ricky Ferry,Yesenia Janousek,Michelle Dauber,Guillermo Hubert,Ronald Carew,Pamala Felice,Nicolette Groves,Marianna Pannell,Marquetta Klahn,Myron Beckman,
turisztika: Marsha Brunton,|Sparkle Beachum,
ügyvéd: Nicholle Stokley,|Adriana Orton,Judie Wojtczak,Janeth Kuta,Audra Neaves,Arletta Mcalexander,
a folyoson 3ember van.
-----------------------------------------
16
adóhivatal: Tiffanie Roberson,|Caridad Wamsley,Hilton Broussard,Dalia Rosales,Brenton Russel,Francis Hentz,Jacquelyne Hennemann,Jutta Putz,Alvaro Dart,Donita Darwin,Love Ivey,
bank: Georgie Rost,|Joline Tiggs,Damion Dedmon,
biztosító: Erlinda Vasser,|Cindy Shine,
közigazgatás: Tameika Goodman,|Karlene Mckeehan,Kittie Classen,Patrick Melvin,Ricky Ferry,Yesenia Janousek,Michelle Dauber,Guillermo Hubert,Ronald Carew,Pamala Felice,Nicolette Groves,Marianna Pannell,Marquetta Klahn,Myron Beckman,
turisztika: Sparkle Beachum,|
ügyvéd: Adriana Orton,|Judie Wojtczak,Janeth Kuta,Audra Neaves,Arletta Mcalexander,
a folyoson 6ember van.
-----------------------------------------
17
adóhivatal: Tiffanie Roberson,|Caridad Wamsley,Hilton Broussard,Dalia Rosales,Brenton Russel,Francis Hentz,Jacquelyne Hennemann,Jutta Putz,Alvaro Dart,Donita Darwin,Love Ivey,
bank: Georgie Rost,|Joline Tiggs,Damion Dedmon,
biztosító: Erlinda Vasser,|Cindy Shine,
közigazgatás: Tameika Goodman,|Karlene Mckeehan,Kittie Classen,Patrick Melvin,Ricky Ferry,Yesenia Janousek,Michelle Dauber,Guillermo Hubert,Ronald Carew,Pamala Felice,Nicolette Groves,Marianna Pannell,Marquetta Klahn,Myron Beckman,
turisztika: Sparkle Beachum,|Vernita Arab,
ügyvéd: Adriana Orton,|Judie Wojtczak,Janeth Kuta,Audra Neaves,Arletta Mcalexander,
a folyoson 3ember van.
-----------------------------------------
18
adóhivatal: Tiffanie Roberson,|Caridad Wamsley,Hilton Broussard,Dalia Rosales,Brenton Russel,Francis Hentz,Jacquelyne Hennemann,Jutta Putz,Alvaro Dart,Donita Darwin,Love Ivey,Irish Wierenga,
bank: Joline Tiggs,|Damion Dedmon,
biztosító: Erlinda Vasser,|Cindy Shine,Marsha Brunton,
közigazgatás: Tameika Goodman,|Karlene Mckeehan,Kittie Classen,Patrick Melvin,Ricky Ferry,Yesenia Janousek,Michelle Dauber,Guillermo Hubert,Ronald Carew,Pamala Felice,Nicolette Groves,Marianna Pannell,Marquetta Klahn,Myron Beckman,
turisztika: Vernita Arab,|
ügyvéd: Judie Wojtczak,|Janeth Kuta,Audra Neaves,Arletta Mcalexander,
a folyoson 4ember van.
-----------------------------------------
19
adóhivatal: Tiffanie Roberson,|Caridad Wamsley,Hilton Broussard,Dalia Rosales,Brenton Russel,Francis Hentz,Jacquelyne Hennemann,Jutta Putz,Alvaro Dart,Donita Darwin,Love Ivey,Irish Wierenga,
bank: Joline Tiggs,|Damion Dedmon,
biztosító: Erlinda Vasser,|Cindy Shine,Marsha Brunton,
közigazgatás: Tameika Goodman,|Karlene Mckeehan,Kittie Classen,Patrick Melvin,Ricky Ferry,Yesenia Janousek,Michelle Dauber,Guillermo Hubert,Ronald Carew,Pamala Felice,Nicolette Groves,Marianna Pannell,Marquetta Klahn,Myron Beckman,Adriana Orton,
turisztika: Vernita Arab,|Jeane Swiderski,
ügyvéd: Judie Wojtczak,|Janeth Kuta,Audra Neaves,Arletta Mcalexander,
a folyoson 0ember van.
-----------------------------------------
20
adóhivatal: Caridad Wamsley,|Hilton Broussard,Dalia Rosales,Brenton Russel,Francis Hentz,Jacquelyne Hennemann,Jutta Putz,Alvaro Dart,Donita Darwin,Love Ivey,Irish Wierenga,
bank: Joline Tiggs,|Damion Dedmon,
biztosító: Cindy Shine,|Marsha Brunton,
közigazgatás: Karlene Mckeehan,|Kittie Classen,Patrick Melvin,Ricky Ferry,Yesenia Janousek,Michelle Dauber,Guillermo Hubert,Ronald Carew,Pamala Felice,Nicolette Groves,Marianna Pannell,Marquetta Klahn,Myron Beckman,Adriana Orton,
turisztika: Jeane Swiderski,|
ügyvéd: Janeth Kuta,|Audra Neaves,Arletta Mcalexander,
a folyoson 5ember van.
-----------------------------------------
21
adóhivatal: Caridad Wamsley,|Hilton Broussard,Dalia Rosales,Brenton Russel,Francis Hentz,Jacquelyne Hennemann,Jutta Putz,Alvaro Dart,Donita Darwin,Love Ivey,Irish Wierenga,
bank: Damion Dedmon,|
biztosító: Cindy Shine,|Marsha Brunton,
közigazgatás: Karlene Mckeehan,|Kittie Classen,Patrick Melvin,Ricky Ferry,Yesenia Janousek,Michelle Dauber,Guillermo Hubert,Ronald Carew,Pamala Felice,Nicolette Groves,Marianna Pannell,Marquetta Klahn,Myron Beckman,Adriana Orton,
turisztika: Jeane Swiderski,|
ügyvéd: Janeth Kuta,|Audra Neaves,Arletta Mcalexander,
a folyoson 4ember van.
-----------------------------------------
22
adóhivatal: Caridad Wamsley,|Hilton Broussard,Dalia Rosales,Brenton Russel,Francis Hentz,Jacquelyne Hennemann,Jutta Putz,Alvaro Dart,Donita Darwin,Love Ivey,Irish Wierenga,
bank: Damion Dedmon,|
biztosító: Cindy Shine,|Marsha Brunton,Vernita Arab,
közigazgatás: Karlene Mckeehan,|Kittie Classen,Patrick Melvin,Ricky Ferry,Yesenia Janousek,Michelle Dauber,Guillermo Hubert,Ronald Carew,Pamala Felice,Nicolette Groves,Marianna Pannell,Marquetta Klahn,Myron Beckman,Adriana Orton,
turisztika: Tiffanie Roberson,|
ügyvéd: Audra Neaves,|Arletta Mcalexander,
a folyoson 3ember van.
-----------------------------------------
23
adóhivatal: Caridad Wamsley,|Hilton Broussard,Dalia Rosales,Brenton Russel,Francis Hentz,Jacquelyne Hennemann,Jutta Putz,Alvaro Dart,Donita Darwin,Love Ivey,Irish Wierenga,
bank: Damion Dedmon,|
biztosító: Cindy Shine,|Marsha Brunton,
közigazgatás: Karlene Mckeehan,|Kittie Classen,Patrick Melvin,Ricky Ferry,Yesenia Janousek,Michelle Dauber,Guillermo Hubert,Ronald Carew,Pamala Felice,Nicolette Groves,Marianna Pannell,Marquetta Klahn,Myron Beckman,Adriana Orton,
turisztika: Tiffanie Roberson,|
ügyvéd: Audra Neaves,|Arletta Mcalexander,Tameika Goodman,
a folyoson 1ember van.
-----------------------------------------
24
adóhivatal: Hilton Broussard,|Dalia Rosales,Brenton Russel,Francis Hentz,Jacquelyne Hennemann,Jutta Putz,Alvaro Dart,Donita Darwin,Love Ivey,Irish Wierenga,
bank:  ,|
biztosító: Marsha Brunton,|
közigazgatás: Karlene Mckeehan,|Kittie Classen,Patrick Melvin,Ricky Ferry,Yesenia Janousek,Michelle Dauber,Guillermo Hubert,Ronald Carew,Pamala Felice,Nicolette Groves,Marianna Pannell,Marquetta Klahn,Myron Beckman,Adriana Orton,
turisztika:  ,|
ügyvéd: Arletta Mcalexander,|Tameika Goodman,Vernita Arab,
a folyoson 5ember van.
-----------------------------------------
25
adóhivatal: Hilton Broussard,|Dalia Rosales,Brenton Russel,Francis Hentz,Jacquelyne Hennemann,Jutta Putz,Alvaro Dart,Donita Darwin,Love Ivey,Irish Wierenga,
bank: Tiffanie Roberson,|
biztosító: Marsha Brunton,|
közigazgatás: Kittie Classen,|Patrick Melvin,Ricky Ferry,Yesenia Janousek,Michelle Dauber,Guillermo Hubert,Ronald Carew,Pamala Felice,Nicolette Groves,Marianna Pannell,Marquetta Klahn,Myron Beckman,Adriana Orton,
turisztika:  ,|
ügyvéd: Arletta Mcalexander,|Tameika Goodman,Vernita Arab,
a folyoson 1ember van.
-----------------------------------------
26
adóhivatal: Hilton Broussard,|Dalia Rosales,Brenton Russel,Francis Hentz,Jacquelyne Hennemann,Jutta Putz,Alvaro Dart,Donita Darwin,Love Ivey,Irish Wierenga,
bank: Tiffanie Roberson,|
biztosító: Marsha Brunton,|Karlene Mckeehan,
közigazgatás: Kittie Classen,|Patrick Melvin,Ricky Ferry,Yesenia Janousek,Michelle Dauber,Guillermo Hubert,Ronald Carew,Pamala Felice,Nicolette Groves,Marianna Pannell,Marquetta Klahn,Myron Beckman,Adriana Orton,
turisztika:  ,|
ügyvéd: Tameika Goodman,|Vernita Arab,
a folyoson 1ember van.
-----------------------------------------
27
adóhivatal: Hilton Broussard,|Dalia Rosales,Brenton Russel,Francis Hentz,Jacquelyne Hennemann,Jutta Putz,Alvaro Dart,Donita Darwin,Love Ivey,Irish Wierenga,
bank: Tiffanie Roberson,|
biztosító: Marsha Brunton,|Karlene Mckeehan,
közigazgatás: Kittie Classen,|Patrick Melvin,Ricky Ferry,Yesenia Janousek,Michelle Dauber,Guillermo Hubert,Ronald Carew,Pamala Felice,Nicolette Groves,Marianna Pannell,Marquetta Klahn,Myron Beckman,Adriana Orton,
turisztika:  ,|
ügyvéd: Tameika Goodman,|Vernita Arab,
a folyoson 0ember van.
-----------------------------------------
28
adóhivatal: Dalia Rosales,|Brenton Russel,Francis Hentz,Jacquelyne Hennemann,Jutta Putz,Alvaro Dart,Donita Darwin,Love Ivey,Irish Wierenga,
bank:  ,|
biztosító: Karlene Mckeehan,|
közigazgatás: Kittie Classen,|Patrick Melvin,Ricky Ferry,Yesenia Janousek,Michelle Dauber,Guillermo Hubert,Ronald Carew,Pamala Felice,Nicolette Groves,Marianna Pannell,Marquetta Klahn,Myron Beckman,Adriana Orton,
turisztika:  ,|
ügyvéd: Vernita Arab,|
a folyoson 4ember van.
-----------------------------------------
29
adóhivatal: Dalia Rosales,|Brenton Russel,Francis Hentz,Jacquelyne Hennemann,Jutta Putz,Alvaro Dart,Donita Darwin,Love Ivey,Irish Wierenga,
bank:  ,|
biztosító: Karlene Mckeehan,|
közigazgatás: Kittie Classen,|Patrick Melvin,Ricky Ferry,Yesenia Janousek,Michelle Dauber,Guillermo Hubert,Ronald Carew,Pamala Felice,Nicolette Groves,Marianna Pannell,Marquetta Klahn,Myron Beckman,Adriana Orton,
turisztika: Hilton Broussard,|
ügyvéd: Vernita Arab,|Tiffanie Roberson,
a folyoson 0ember van.
-----------------------------------------
30
adóhivatal: Dalia Rosales,|Brenton Russel,Francis Hentz,Jacquelyne Hennemann,Jutta Putz,Alvaro Dart,Donita Darwin,Love Ivey,Irish Wierenga,
bank:  ,|
biztosító: Karlene Mckeehan,|
közigazgatás: Patrick Melvin,|Ricky Ferry,Yesenia Janousek,Michelle Dauber,Guillermo Hubert,Ronald Carew,Pamala Felice,Nicolette Groves,Marianna Pannell,Marquetta Klahn,Myron Beckman,Adriana Orton,
turisztika: Hilton Broussard,|
ügyvéd: Tiffanie Roberson,|
a folyoson 2ember van.
-----------------------------------------
31
adóhivatal: Dalia Rosales,|Brenton Russel,Francis Hentz,Jacquelyne Hennemann,Jutta Putz,Alvaro Dart,Donita Darwin,Love Ivey,Irish Wierenga,
bank:  ,|
biztosító: Karlene Mckeehan,|
közigazgatás: Patrick Melvin,|Ricky Ferry,Yesenia Janousek,Michelle Dauber,Guillermo Hubert,Ronald Carew,Pamala Felice,Nicolette Groves,Marianna Pannell,Marquetta Klahn,Myron Beckman,Adriana Orton,
turisztika:  ,|
ügyvéd: Tiffanie Roberson,|Kittie Classen,
a folyoson 1ember van.
-----------------------------------------
32
adóhivatal: Brenton Russel,|Francis Hentz,Jacquelyne Hennemann,Jutta Putz,Alvaro Dart,Donita Darwin,Love Ivey,Irish Wierenga,
bank:  ,|
biztosító:  ,|
közigazgatás: Patrick Melvin,|Ricky Ferry,Yesenia Janousek,Michelle Dauber,Guillermo Hubert,Ronald Carew,Pamala Felice,Nicolette Groves,Marianna Pannell,Marquetta Klahn,Myron Beckman,Adriana Orton,
turisztika:  ,|
ügyvéd: Kittie Classen,|Hilton Broussard,
a folyoson 3ember van.
-----------------------------------------
33
adóhivatal: Brenton Russel,|Francis Hentz,Jacquelyne Hennemann,Jutta Putz,Alvaro Dart,Donita Darwin,Love Ivey,Irish Wierenga,
bank:  ,|
biztosító: Tiffanie Roberson,|
közigazgatás: Patrick Melvin,|Ricky Ferry,Yesenia Janousek,Michelle Dauber,Guillermo Hubert,Ronald Carew,Pamala Felice,Nicolette Groves,Marianna Pannell,Marquetta Klahn,Myron Beckman,Adriana Orton,
turisztika:  ,|
ügyvéd: Kittie Classen,|Hilton Broussard,
a folyoson 1ember van.
-----------------------------------------
34
adóhivatal: Brenton Russel,|Francis Hentz,Jacquelyne Hennemann,Jutta Putz,Alvaro Dart,Donita Darwin,Love Ivey,Irish Wierenga,
bank: Karlene Mckeehan,|
biztosító: Tiffanie Roberson,|
közigazgatás: Patrick Melvin,|Ricky Ferry,Yesenia Janousek,Michelle Dauber,Guillermo Hubert,Ronald Carew,Pamala Felice,Nicolette Groves,Marianna Pannell,Marquetta Klahn,Myron Beckman,Adriana Orton,
turisztika:  ,|
ügyvéd: Hilton Broussard,|
a folyoson 1ember van.
-----------------------------------------
35
adóhivatal: Brenton Russel,|Francis Hentz,Jacquelyne Hennemann,Jutta Putz,Alvaro Dart,Donita Darwin,Love Ivey,Irish Wierenga,
bank: Karlene Mckeehan,|Kittie Classen,
biztosító: Tiffanie Roberson,|
közigazgatás: Ricky Ferry,|Yesenia Janousek,Michelle Dauber,Guillermo Hubert,Ronald Carew,Pamala Felice,Nicolette Groves,Marianna Pannell,Marquetta Klahn,Myron Beckman,Adriana Orton,
turisztika:  ,|
ügyvéd: Hilton Broussard,|
a folyoson 1ember van.
-----------------------------------------
36
adóhivatal: Francis Hentz,|Jacquelyne Hennemann,Jutta Putz,Alvaro Dart,Donita Darwin,Love Ivey,Irish Wierenga,
bank: Karlene Mckeehan,|Kittie Classen,
biztosító: Tiffanie Roberson,|
közigazgatás: Ricky Ferry,|Yesenia Janousek,Michelle Dauber,Guillermo Hubert,Ronald Carew,Pamala Felice,Nicolette Groves,Marianna Pannell,Marquetta Klahn,Myron Beckman,Adriana Orton,
turisztika:  ,|
ügyvéd:  ,|
a folyoson 2ember van.
-----------------------------------------
37
adóhivatal: Francis Hentz,|Jacquelyne Hennemann,Jutta Putz,Alvaro Dart,Donita Darwin,Love Ivey,Irish Wierenga,
bank: Kittie Classen,|Brenton Russel,
biztosító:  ,|
közigazgatás: Ricky Ferry,|Yesenia Janousek,Michelle Dauber,Guillermo Hubert,Ronald Carew,Pamala Felice,Nicolette Groves,Marianna Pannell,Marquetta Klahn,Myron Beckman,Adriana Orton,
turisztika:  ,|
ügyvéd:  ,|
a folyoson 2ember van.
-----------------------------------------
38
adóhivatal: Francis Hentz,|Jacquelyne Hennemann,Jutta Putz,Alvaro Dart,Donita Darwin,Love Ivey,Irish Wierenga,
bank: Kittie Classen,|Brenton Russel,
biztosító:  ,|
közigazgatás: Ricky Ferry,|Yesenia Janousek,Michelle Dauber,Guillermo Hubert,Ronald Carew,Pamala Felice,Nicolette Groves,Marianna Pannell,Marquetta Klahn,Myron Beckman,Adriana Orton,
turisztika: Karlene Mckeehan,|
ügyvéd:  ,|
a folyoson 0ember van.
-----------------------------------------
39
adóhivatal: Francis Hentz,|Jacquelyne Hennemann,Jutta Putz,Alvaro Dart,Donita Darwin,Love Ivey,Irish Wierenga,
bank: Kittie Classen,|Brenton Russel,
biztosító:  ,|
közigazgatás: Ricky Ferry,|Yesenia Janousek,Michelle Dauber,Guillermo Hubert,Ronald Carew,Pamala Felice,Nicolette Groves,Marianna Pannell,Marquetta Klahn,Myron Beckman,Adriana Orton,
turisztika: Karlene Mckeehan,|
ügyvéd:  ,|
a folyoson 0ember van.
-----------------------------------------
40
adóhivatal: Jacquelyne Hennemann,|Jutta Putz,Alvaro Dart,Donita Darwin,Love Ivey,Irish Wierenga,
bank: Brenton Russel,|
biztosító:  ,|
közigazgatás: Yesenia Janousek,|Michelle Dauber,Guillermo Hubert,Ronald Carew,Pamala Felice,Nicolette Groves,Marianna Pannell,Marquetta Klahn,Myron Beckman,Adriana Orton,
turisztika:  ,|
ügyvéd:  ,|
a folyoson 4ember van.
-----------------------------------------
41
adóhivatal: Jacquelyne Hennemann,|Jutta Putz,Alvaro Dart,Donita Darwin,Love Ivey,Irish Wierenga,
bank: Brenton Russel,|
biztosító:  ,|
közigazgatás: Yesenia Janousek,|Michelle Dauber,Guillermo Hubert,Ronald Carew,Pamala Felice,Nicolette Groves,Marianna Pannell,Marquetta Klahn,Myron Beckman,Adriana Orton,
turisztika: Kittie Classen,|
ügyvéd: Karlene Mckeehan,|Francis Hentz,
a folyoson 1ember van.
-----------------------------------------
42
adóhivatal: Jacquelyne Hennemann,|Jutta Putz,Alvaro Dart,Donita Darwin,Love Ivey,Irish Wierenga,
bank: Brenton Russel,|
biztosító:  ,|
közigazgatás: Yesenia Janousek,|Michelle Dauber,Guillermo Hubert,Ronald Carew,Pamala Felice,Nicolette Groves,Marianna Pannell,Marquetta Klahn,Myron Beckman,Adriana Orton,
turisztika: Kittie Classen,|Ricky Ferry,
ügyvéd: Karlene Mckeehan,|Francis Hentz,
a folyoson 0ember van.
-----------------------------------------
43
adóhivatal: Jacquelyne Hennemann,|Jutta Putz,Alvaro Dart,Donita Darwin,Love Ivey,Irish Wierenga,
bank:  ,|
biztosító:  ,|
közigazgatás: Yesenia Janousek,|Michelle Dauber,Guillermo Hubert,Ronald Carew,Pamala Felice,Nicolette Groves,Marianna Pannell,Marquetta Klahn,Myron Beckman,Adriana Orton,
turisztika: Ricky Ferry,|
ügyvéd: Francis Hentz,|
a folyoson 3ember van.
-----------------------------------------
44
adóhivatal: Jutta Putz,|Alvaro Dart,Donita Darwin,Love Ivey,Irish Wierenga,
bank:  ,|
biztosító: Kittie Classen,|
közigazgatás: Yesenia Janousek,|Michelle Dauber,Guillermo Hubert,Ronald Carew,Pamala Felice,Nicolette Groves,Marianna Pannell,Marquetta Klahn,Myron Beckman,Adriana Orton,
turisztika: Ricky Ferry,|
ügyvéd: Francis Hentz,|
a folyoson 2ember van.
-----------------------------------------
45
adóhivatal: Jutta Putz,|Alvaro Dart,Donita Darwin,Love Ivey,Irish Wierenga,
bank:  ,|
biztosító: Kittie Classen,|
közigazgatás: Michelle Dauber,|Guillermo Hubert,Ronald Carew,Pamala Felice,Nicolette Groves,Marianna Pannell,Marquetta Klahn,Myron Beckman,Adriana Orton,
turisztika:  ,|
ügyvéd: Brenton Russel,|
a folyoson 3ember van.
-----------------------------------------
46
adóhivatal: Jutta Putz,|Alvaro Dart,Donita Darwin,Love Ivey,Irish Wierenga,
bank:  ,|
biztosító: Kittie Classen,|Francis Hentz,
közigazgatás: Michelle Dauber,|Guillermo Hubert,Ronald Carew,Pamala Felice,Nicolette Groves,Marianna Pannell,Marquetta Klahn,Myron Beckman,Adriana Orton,
turisztika:  ,|
ügyvéd: Brenton Russel,|
a folyoson 0ember van.
-----------------------------------------
47
adóhivatal: Jutta Putz,|Alvaro Dart,Donita Darwin,Love Ivey,Irish Wierenga,
bank:  ,|
biztosító: Kittie Classen,|Francis Hentz,
közigazgatás: Michelle Dauber,|Guillermo Hubert,Ronald Carew,Pamala Felice,Nicolette Groves,Marianna Pannell,Marquetta Klahn,Myron Beckman,Adriana Orton,
turisztika:  ,|
ügyvéd:  ,|
a folyoson 1ember van.
-----------------------------------------
48
adóhivatal: Alvaro Dart,|Donita Darwin,Love Ivey,Irish Wierenga,
bank:  ,|
biztosító: Francis Hentz,|
közigazgatás: Michelle Dauber,|Guillermo Hubert,Ronald Carew,Pamala Felice,Nicolette Groves,Marianna Pannell,Marquetta Klahn,Myron Beckman,Adriana Orton,
turisztika:  ,|
ügyvéd:  ,|
a folyoson 2ember van.
-----------------------------------------
49
adóhivatal: Alvaro Dart,|Donita Darwin,Love Ivey,Irish Wierenga,Kittie Classen,
bank:  ,|
biztosító: Francis Hentz,|
közigazgatás: Michelle Dauber,|Guillermo Hubert,Ronald Carew,Pamala Felice,Nicolette Groves,Marianna Pannell,Marquetta Klahn,Myron Beckman,Adriana Orton,
turisztika:  ,|
ügyvéd:  ,|
a folyoson 0ember van.
-----------------------------------------
50
adóhivatal: Alvaro Dart,|Donita Darwin,Love Ivey,Irish Wierenga,Kittie Classen,
bank:  ,|
biztosító: Francis Hentz,|
közigazgatás: Guillermo Hubert,|Ronald Carew,Pamala Felice,Nicolette Groves,Marianna Pannell,Marquetta Klahn,Myron Beckman,Adriana Orton,
turisztika:  ,|
ügyvéd:  ,|
a folyoson 1ember van.
-----------------------------------------
51
adóhivatal: Alvaro Dart,|Donita Darwin,Love Ivey,Irish Wierenga,Kittie Classen,
bank:  ,|
biztosító: Francis Hentz,|
közigazgatás: Guillermo Hubert,|Ronald Carew,Pamala Felice,Nicolette Groves,Marianna Pannell,Marquetta Klahn,Myron Beckman,Adriana Orton,
turisztika:  ,|
ügyvéd:  ,|
a folyoson 0ember van.
-----------------------------------------
52
adóhivatal: Donita Darwin,|Love Ivey,Irish Wierenga,Kittie Classen,
bank:  ,|
biztosító:  ,|
közigazgatás: Guillermo Hubert,|Ronald Carew,Pamala Felice,Nicolette Groves,Marianna Pannell,Marquetta Klahn,Myron Beckman,Adriana Orton,
turisztika:  ,|
ügyvéd:  ,|
a folyoson 2ember van.
-----------------------------------------
53
adóhivatal: Donita Darwin,|Love Ivey,Irish Wierenga,Kittie Classen,
bank:  ,|
biztosító:  ,|
közigazgatás: Guillermo Hubert,|Ronald Carew,Pamala Felice,Nicolette Groves,Marianna Pannell,Marquetta Klahn,Myron Beckman,Adriana Orton,Francis Hentz,
turisztika:  ,|
ügyvéd:  ,|
a folyoson 0ember van.
-----------------------------------------
54
adóhivatal: Donita Darwin,|Love Ivey,Irish Wierenga,Kittie Classen,
bank:  ,|
biztosító:  ,|
közigazgatás: Guillermo Hubert,|Ronald Carew,Pamala Felice,Nicolette Groves,Marianna Pannell,Marquetta Klahn,Myron Beckman,Adriana Orton,Francis Hentz,
turisztika:  ,|
ügyvéd:  ,|
a folyoson 0ember van.
-----------------------------------------
55
adóhivatal: Donita Darwin,|Love Ivey,Irish Wierenga,Kittie Classen,
bank:  ,|
biztosító:  ,|
közigazgatás: Ronald Carew,|Pamala Felice,Nicolette Groves,Marianna Pannell,Marquetta Klahn,Myron Beckman,Adriana Orton,Francis Hentz,
turisztika:  ,|
ügyvéd:  ,|
a folyoson 1ember van.
-----------------------------------------
56
adóhivatal: Love Ivey,|Irish Wierenga,Kittie Classen,
bank:  ,|
biztosító:  ,|
közigazgatás: Ronald Carew,|Pamala Felice,Nicolette Groves,Marianna Pannell,Marquetta Klahn,Myron Beckman,Adriana Orton,Francis Hentz,
turisztika:  ,|
ügyvéd:  ,|
a folyoson 1ember van.
-----------------------------------------
57
adóhivatal: Love Ivey,|Irish Wierenga,Kittie Classen,
bank:  ,|
biztosító: Donita Darwin,|
közigazgatás: Ronald Carew,|Pamala Felice,Nicolette Groves,Marianna Pannell,Marquetta Klahn,Myron Beckman,Adriana Orton,Francis Hentz,
turisztika:  ,|
ügyvéd:  ,|
a folyoson 0ember van.
-----------------------------------------
58
adóhivatal: Love Ivey,|Irish Wierenga,Kittie Classen,
bank:  ,|
biztosító: Donita Darwin,|
közigazgatás: Ronald Carew,|Pamala Felice,Nicolette Groves,Marianna Pannell,Marquetta Klahn,Myron Beckman,Adriana Orton,Francis Hentz,
turisztika:  ,|
ügyvéd:  ,|
a folyoson 0ember van.
-----------------------------------------
59
adóhivatal: Love Ivey,|Irish Wierenga,Kittie Classen,
bank:  ,|
biztosító: Donita Darwin,|
közigazgatás: Ronald Carew,|Pamala Felice,Nicolette Groves,Marianna Pannell,Marquetta Klahn,Myron Beckman,Adriana Orton,Francis Hentz,
turisztika:  ,|
ügyvéd:  ,|
a folyoson 0ember van.
-----------------------------------------
60
adóhivatal: Irish Wierenga,|Kittie Classen,
bank:  ,|
biztosító: Donita Darwin,|
közigazgatás: Pamala Felice,|Nicolette Groves,Marianna Pannell,Marquetta Klahn,Myron Beckman,Adriana Orton,Francis Hentz,
turisztika:  ,|
ügyvéd:  ,|
a folyoson 2ember van.
-----------------------------------------
61
adóhivatal: Irish Wierenga,|Kittie Classen,
bank:  ,|
biztosító:  ,|
közigazgatás: Pamala Felice,|Nicolette Groves,Marianna Pannell,Marquetta Klahn,Myron Beckman,Adriana Orton,Francis Hentz,
turisztika:  ,|
ügyvéd:  ,|
a folyoson 1ember van.
-----------------------------------------
62
adóhivatal: Irish Wierenga,|Kittie Classen,
bank:  ,|
biztosító:  ,|
közigazgatás: Pamala Felice,|Nicolette Groves,Marianna Pannell,Marquetta Klahn,Myron Beckman,Adriana Orton,Francis Hentz,
turisztika:  ,|
ügyvéd:  ,|
a folyoson 0ember van.
-----------------------------------------
63
adóhivatal: Irish Wierenga,|Kittie Classen,
bank:  ,|
biztosító:  ,|
közigazgatás: Pamala Felice,|Nicolette Groves,Marianna Pannell,Marquetta Klahn,Myron Beckman,Adriana Orton,Francis Hentz,
turisztika:  ,|
ügyvéd:  ,|
a folyoson 0ember van.
-----------------------------------------
64
adóhivatal: Kittie Classen,|
bank:  ,|
biztosító:  ,|
közigazgatás: Pamala Felice,|Nicolette Groves,Marianna Pannell,Marquetta Klahn,Myron Beckman,Adriana Orton,Francis Hentz,
turisztika:  ,|
ügyvéd:  ,|
a folyoson 1ember van.
-----------------------------------------
65
adóhivatal: Kittie Classen,|
bank:  ,|
biztosító:  ,|
közigazgatás: Nicolette Groves,|Marianna Pannell,Marquetta Klahn,Myron Beckman,Adriana Orton,Francis Hentz,
turisztika:  ,|
ügyvéd:  ,|
a folyoson 1ember van.
-----------------------------------------
66
adóhivatal: Kittie Classen,|
bank: Pamala Felice,|
biztosító:  ,|
közigazgatás: Nicolette Groves,|Marianna Pannell,Marquetta Klahn,Myron Beckman,Adriana Orton,Francis Hentz,
turisztika:  ,|
ügyvéd:  ,|
a folyoson 0ember van.
-----------------------------------------
67
adóhivatal: Kittie Classen,|
bank: Pamala Felice,|
biztosító:  ,|
közigazgatás: Nicolette Groves,|Marianna Pannell,Marquetta Klahn,Myron Beckman,Adriana Orton,Francis Hentz,
turisztika:  ,|
ügyvéd:  ,|
a folyoson 0ember van.
-----------------------------------------
68
adóhivatal:  ,|
bank: Pamala Felice,|
biztosító:  ,|
közigazgatás: Nicolette Groves,|Marianna Pannell,Marquetta Klahn,Myron Beckman,Adriana Orton,Francis Hentz,
turisztika:  ,|
ügyvéd:  ,|
a folyoson 1ember van.
-----------------------------------------
69
adóhivatal:  ,|
bank:  ,|
biztosító:  ,|
közigazgatás: Nicolette Groves,|Marianna Pannell,Marquetta Klahn,Myron Beckman,Adriana Orton,Francis Hentz,
turisztika:  ,|
ügyvéd:  ,|
a folyoson 1ember van.
-----------------------------------------
70
adóhivatal:  ,|
bank:  ,|
biztosító:  ,|
közigazgatás: Marianna Pannell,|Marquetta Klahn,Myron Beckman,Adriana Orton,Francis Hentz,
turisztika:  ,|
ügyvéd:  ,|
a folyoson 1ember van.
-----------------------------------------
71
adóhivatal:  ,|
bank:  ,|
biztosító:  ,|
közigazgatás: Marianna Pannell,|Marquetta Klahn,Myron Beckman,Adriana Orton,Francis Hentz,
turisztika:  ,|
ügyvéd:  ,|
a folyoson 0ember van.
-----------------------------------------
72
adóhivatal:  ,|
bank:  ,|
biztosító:  ,|
közigazgatás: Marianna Pannell,|Marquetta Klahn,Myron Beckman,Adriana Orton,Francis Hentz,
turisztika:  ,|
ügyvéd:  ,|
a folyoson 0ember van.
-----------------------------------------
73
adóhivatal:  ,|
bank:  ,|
biztosító:  ,|
közigazgatás: Marianna Pannell,|Marquetta Klahn,Myron Beckman,Adriana Orton,Francis Hentz,
turisztika:  ,|
ügyvéd:  ,|
a folyoson 0ember van.
-----------------------------------------
74
adóhivatal:  ,|
bank:  ,|
biztosító:  ,|
közigazgatás: Marianna Pannell,|Marquetta Klahn,Myron Beckman,Adriana Orton,Francis Hentz,
turisztika:  ,|
ügyvéd:  ,|
a folyoson 0ember van.
-----------------------------------------
75
adóhivatal:  ,|
bank:  ,|
biztosító:  ,|
közigazgatás: Marquetta Klahn,|Myron Beckman,Adriana Orton,Francis Hentz,
turisztika:  ,|
ügyvéd:  ,|
a folyoson 1ember van.
-----------------------------------------
76
adóhivatal:  ,|
bank:  ,|
biztosító:  ,|
közigazgatás: Marquetta Klahn,|Myron Beckman,Adriana Orton,Francis Hentz,
turisztika:  ,|
ügyvéd:  ,|
a folyoson 0ember van.
-----------------------------------------
77
adóhivatal:  ,|
bank:  ,|
biztosító:  ,|
közigazgatás: Marquetta Klahn,|Myron Beckman,Adriana Orton,Francis Hentz,
turisztika:  ,|
ügyvéd:  ,|
a folyoson 0ember van.
-----------------------------------------
78
adóhivatal:  ,|
bank:  ,|
biztosító:  ,|
közigazgatás: Marquetta Klahn,|Myron Beckman,Adriana Orton,Francis Hentz,
turisztika:  ,|
ügyvéd:  ,|
a folyoson 0ember van.
-----------------------------------------
79
adóhivatal:  ,|
bank:  ,|
biztosító:  ,|
közigazgatás: Marquetta Klahn,|Myron Beckman,Adriana Orton,Francis Hentz,
turisztika:  ,|
ügyvéd:  ,|
a folyoson 0ember van.
-----------------------------------------
80
adóhivatal:  ,|
bank:  ,|
biztosító:  ,|
közigazgatás: Myron Beckman,|Adriana Orton,Francis Hentz,
turisztika:  ,|
ügyvéd:  ,|
a folyoson 1ember van.
-----------------------------------------
81
adóhivatal:  ,|
bank:  ,|
biztosító:  ,|
közigazgatás: Myron Beckman,|Adriana Orton,Francis Hentz,
turisztika:  ,|
ügyvéd:  ,|
a folyoson 0ember van.
-----------------------------------------
82
adóhivatal:  ,|
bank:  ,|
biztosító:  ,|
közigazgatás: Myron Beckman,|Adriana Orton,Francis Hentz,
turisztika:  ,|
ügyvéd:  ,|
a folyoson 0ember van.
-----------------------------------------
83
adóhivatal:  ,|
bank:  ,|
biztosító:  ,|
közigazgatás: Myron Beckman,|Adriana Orton,Francis Hentz,
turisztika:  ,|
ügyvéd:  ,|
a folyoson 0ember van.
-----------------------------------------
84
adóhivatal:  ,|
bank:  ,|
biztosító:  ,|
közigazgatás: Myron Beckman,|Adriana Orton,Francis Hentz,
turisztika:  ,|
ügyvéd:  ,|
a folyoson 0ember van.
-----------------------------------------
85
adóhivatal:  ,|
bank:  ,|
biztosító:  ,|
közigazgatás: Adriana Orton,|Francis Hentz,
turisztika:  ,|
ügyvéd:  ,|
a folyoson 1ember van.
-----------------------------------------
86
adóhivatal:  ,|
bank:  ,|
biztosító:  ,|
közigazgatás: Adriana Orton,|Francis Hentz,
turisztika:  ,|
ügyvéd:  ,|
a folyoson 0ember van.
-----------------------------------------
87
adóhivatal:  ,|
bank:  ,|
biztosító:  ,|
közigazgatás: Adriana Orton,|Francis Hentz,
turisztika:  ,|
ügyvéd:  ,|
a folyoson 0ember van.
-----------------------------------------
88
adóhivatal:  ,|
bank:  ,|
biztosító:  ,|
közigazgatás: Adriana Orton,|Francis Hentz,
turisztika:  ,|
ügyvéd:  ,|
a folyoson 0ember van.
-----------------------------------------
89
adóhivatal:  ,|
bank:  ,|
biztosító:  ,|
közigazgatás: Adriana Orton,|Francis Hentz,
turisztika:  ,|
ügyvéd:  ,|
a folyoson 0ember van.
-----------------------------------------
90
adóhivatal:  ,|
bank:  ,|
biztosító:  ,|
közigazgatás: Francis Hentz,|
turisztika:  ,|
ügyvéd:  ,|
a folyoson 1ember van.
-----------------------------------------
91
adóhivatal:  ,|
bank:  ,|
biztosító:  ,|
közigazgatás: Francis Hentz,|
turisztika:  ,|
ügyvéd:  ,|
a folyoson 0ember van.
-----------------------------------------
92
adóhivatal:  ,|
bank:  ,|
biztosító:  ,|
közigazgatás: Francis Hentz,|
turisztika:  ,|
ügyvéd:  ,|
a folyoson 0ember van.
-----------------------------------------
93
adóhivatal:  ,|
bank:  ,|
biztosító:  ,|
közigazgatás: Francis Hentz,|
turisztika:  ,|
ügyvéd:  ,|
a folyoson 0ember van.
-----------------------------------------
94
adóhivatal:  ,|
bank:  ,|
biztosító:  ,|
közigazgatás: Francis Hentz,|
turisztika:  ,|
ügyvéd:  ,|
a folyoson 0ember van.
-----------------------------------------
95
adóhivatal:  ,|
bank:  ,|
biztosító:  ,|
közigazgatás:  ,|
turisztika:  ,|
ügyvéd:  ,|
a folyoson 1ember van.
-----------------------------------------
96
adóhivatal:  ,|
bank:  ,|
biztosító:  ,|
közigazgatás:  ,|
turisztika:  ,|
ügyvéd:  ,|
a folyoson 0ember van.
-----------------------------------------
