Breanne Tisher
Ellis Inglis
Hubert Leday
Stanford Kouba
Waneta Hebert
Vilma Tolman
Anisha Levenson
Nicholle Stokley
Maryetta Mager
Georgie Rost
Sparkle Beachum
Judie Wojtczak
Erlinda Vasser
Joline Tiggs
Janeth Kuta
Jeane Swiderski
Damion Dedmon
Audra Neaves
Cindy Shine
Caridad Wamsley
Arletta Mcalexander
Tameika Goodman
Marsha Brunton
Vernita Arab
Dalia Rosales
Patrick Melvin
Hilton Broussard
Tiffanie Roberson
Karlene Mckeehan
Jacquelyne Hennemann
Ricky Ferry
Yesenia Janousek
Brenton Russel
Jutta Putz
Michelle Dauber
Alvaro Dart
Guillermo Hubert
Ronald Carew
Love Ivey
Donita Darwin
Irish Wierenga
Kittie Classen
Pamala Felice
Nicolette Groves
Marianna Pannell
Marquetta Klahn
Myron Beckman
Adriana Orton
Francis Hentz
